<?xml version="1.0" encoding="UTF-8"?>
<testsuite xmlns:xsi="http://www.w3.org/2001/XMLSchema-instance" xsi:noNamespaceSchemaLocation="https://maven.apache.org/surefire/maven-surefire-plugin/xsd/surefire-test-report-3.0.xsd" version="3.0" name="com.atguigu.maven.HelloTest" time="0.041" tests="1" errors="0" skipped="0" failures="0">
  <properties>
    <property name="sun.desktop" value="windows"/>
    <property name="awt.toolkit" value="sun.awt.windows.WToolkit"/>
    <property name="file.encoding.pkg" value="sun.io"/>
    <property name="java.specification.version" value="1.8"/>
    <property name="sun.cpu.isalist" value="amd64"/>
    <property name="sun.jnu.encoding" value="GBK"/>
    <property name="java.class.path" value="D:\workspace\mavenTest\HelloTest\target\test-classes;D:\workspace\mavenTest\HelloTest\target\classes;D:\dev_tools\m2_lib\junit\junit\4.13.1\junit-4.13.1.jar;D:\dev_tools\m2_lib\org\hamcrest\hamcrest-core\1.3\hamcrest-core-1.3.jar;D:\dev_tools\m2_lib\org\apache\logging\log4j\log4j-core\2.20.0\log4j-core-2.20.0.jar;D:\dev_tools\m2_lib\org\apache\logging\log4j\log4j-api\2.20.0\log4j-api-2.20.0.jar;"/>
    <property name="java.vm.vendor" value="Oracle Corporation"/>
    <property name="sun.arch.data.model" value="64"/>
    <property name="user.variant" value=""/>
    <property name="java.vendor.url" value="http://java.oracle.com/"/>
    <property name="user.timezone" value="Asia/Shanghai"/>
    <property name="java.vm.specification.version" value="1.8"/>
    <property name="os.name" value="Windows 11"/>
    <property name="user.country" value="CN"/>
    <property name="sun.java.launcher" value="SUN_STANDARD"/>
    <property name="sun.boot.library.path" value="D:\dev_tools\JDK\jdk8\jre\bin"/>
    <property name="sun.java.command" value="C:\Users\rsrmXJ\AppData\Local\Temp\surefire4924844586572745319\surefirebooter-20230307215323559_3.jar C:\Users\rsrmXJ\AppData\Local\Temp\surefire4924844586572745319 2023-03-07T21-53-08_482-jvmRun1 surefire-20230307215323559_1tmp surefire_0-20230307215323559_2tmp"/>
    <property name="surefire.test.class.path" value="D:\workspace\mavenTest\HelloTest\target\test-classes;D:\workspace\mavenTest\HelloTest\target\classes;D:\dev_tools\m2_lib\junit\junit\4.13.1\junit-4.13.1.jar;D:\dev_tools\m2_lib\org\hamcrest\hamcrest-core\1.3\hamcrest-core-1.3.jar;D:\dev_tools\m2_lib\org\apache\logging\log4j\log4j-core\2.20.0\log4j-core-2.20.0.jar;D:\dev_tools\m2_lib\org\apache\logging\log4j\log4j-api\2.20.0\log4j-api-2.20.0.jar;"/>
    <property name="sun.cpu.endian" value="little"/>
    <property name="user.home" value="C:\Users\rsrmXJ"/>
    <property name="user.language" value="zh"/>
    <property name="java.specification.vendor" value="Oracle Corporation"/>
    <property name="java.home" value="D:\dev_tools\JDK\jdk8\jre"/>
    <property name="basedir" value="D:\workspace\mavenTest\HelloTest"/>
    <property name="file.separator" value="\"/>
    <property name="line.separator" value="&#10;"/>
    <property name="java.vm.specification.vendor" value="Oracle Corporation"/>
    <property name="java.specification.name" value="Java Platform API Specification"/>
    <property name="java.awt.graphicsenv" value="sun.awt.Win32GraphicsEnvironment"/>
    <property name="surefire.real.class.path" value="C:\Users\rsrmXJ\AppData\Local\Temp\surefire4924844586572745319\surefirebooter-20230307215323559_3.jar"/>
    <property name="sun.boot.class.path" value="D:\dev_tools\JDK\jdk8\jre\lib\resources.jar;D:\dev_tools\JDK\jdk8\jre\lib\rt.jar;D:\dev_tools\JDK\jdk8\jre\lib\jsse.jar;D:\dev_tools\JDK\jdk8\jre\lib\jce.jar;D:\dev_tools\JDK\jdk8\jre\lib\charsets.jar;D:\dev_tools\JDK\jdk8\jre\lib\jfr.jar;D:\dev_tools\JDK\jdk8\jre\classes"/>
    <property name="user.script" value=""/>
    <property name="sun.management.compiler" value="HotSpot 64-Bit Tiered Compilers"/>
    <property name="java.runtime.version" value="1.8.0_361-b09"/>
    <property name="user.name" value="rsrmXJ"/>
    <property name="path.separator" value=";"/>
    <property name="os.version" value="10.0"/>
    <property name="java.endorsed.dirs" value="D:\dev_tools\JDK\jdk8\jre\lib\endorsed"/>
    <property name="java.runtime.name" value="Java(TM) SE Runtime Environment"/>
    <property name="file.encoding" value="GBK"/>
    <property name="java.vm.name" value="Java HotSpot(TM) 64-Bit Server VM"/>
    <property name="localRepository" value="D:\dev_tools\m2_lib"/>
    <property name="java.vendor.url.bug" value="http://bugreport.sun.com/bugreport/"/>
    <property name="java.io.tmpdir" value="C:\Users\rsrmXJ\AppData\Local\Temp\"/>
    <property name="idea.version" value="2022.3.2"/>
    <property name="java.version" value="1.8.0_361"/>
    <property name="user.dir" value="D:\workspace\mavenTest\HelloTest"/>
    <property name="os.arch" value="amd64"/>
    <property name="java.vm.specification.name" value="Java Virtual Machine Specification"/>
    <property name="java.awt.printerjob" value="sun.awt.windows.WPrinterJob"/>
    <property name="sun.os.patch.level" value=""/>
    <property name="java.library.path" value="D:\dev_tools\JDK\jdk8\jre\bin;C:\Windows\Sun\Java\bin;C:\Windows\system32;C:\Windows;D:\dev_tools\JDK\jdk8\bin;D:\dev_tools\scala-2.12.11\bin;D:\Program Files (x86)\VMware\VMware Workstation\bin\;C:\Windows\system32;C:\Windows;C:\Windows\System32\Wbem;C:\Windows\System32\WindowsPowerShell\v1.0\;C:\Windows\System32\OpenSSH\;C:\Program Files (x86)\NVIDIA Corporation\PhysX\Common;D:\dev_tools\database\MySQL Server 8.0\bin;C:\Program Files\NVIDIA Corporation\NVIDIA NvDLISR;C:\Program Files\dotnet\;D:\Program Files\Pandoc\;D:\dev_tools\maven\apache-maven-3.9.0\bin;D:\Program Files\Git\cmd;C:\Users\rsrmXJ\AppData\Local\Microsoft\WindowsApps;C:\Users\rsrmXJ\AppData\Local\JetBrains\Toolbox\scripts;;D:\Program Files\Fiddler;C:\Users\rsrmXJ\.dotnet\tools;."/>
    <property name="java.vm.info" value="mixed mode"/>
    <property name="java.vendor" value="Oracle Corporation"/>
    <property name="java.vm.version" value="25.361-b09"/>
    <property name="java.specification.maintenance.version" value="4"/>
    <property name="java.ext.dirs" value="D:\dev_tools\JDK\jdk8\jre\lib\ext;C:\Windows\Sun\Java\lib\ext"/>
    <property name="sun.io.unicode.encoding" value="UnicodeLittle"/>
    <property name="maven.repo.local" value="D:\dev_tools\m2_lib"/>
    <property name="java.class.version" value="52.0"/>
  </properties>
  <testcase name="testHello" classname="com.atguigu.maven.HelloTest" time="0.002"/>
</testsuite>